<?xml version="1.0" encoding="UTF-8"?>
<testng-results skipped="0" failed="0" ignored="0" total="1" passed="1">
  <reporter-output>
  </reporter-output>
  <suite name="Default suite" duration-ms="9381" started-at="2018-10-22T21:42:58Z" finished-at="2018-10-22T21:43:07Z">
    <groups>
    </groups>
    <test name="Default test" duration-ms="9381" started-at="2018-10-22T21:42:58Z" finished-at="2018-10-22T21:43:07Z">
      <class name="test_fbLogin.TC1_LoginWithInvalidPassword">
        <test-method status="PASS" signature="beforeTestStart()[pri:0, instance:test_fbLogin.TC1_LoginWithInvalidPassword@55f3ddb1]" name="beforeTestStart" is-config="true" duration-ms="3675" started-at="2018-10-22T21:42:58Z" finished-at="2018-10-22T21:43:01Z">
          <reporter-output>
          </reporter-output>
        </test-method> <!-- beforeTestStart -->
        <test-method status="PASS" signature="fbLoginWithInvalidPassword()[pri:0, instance:test_fbLogin.TC1_LoginWithInvalidPassword@55f3ddb1]" name="fbLoginWithInvalidPassword" duration-ms="5681" started-at="2018-10-22T21:43:01Z" finished-at="2018-10-22T21:43:07Z">
          <reporter-output>
          </reporter-output>
        </test-method> <!-- fbLoginWithInvalidPassword -->
      </class> <!-- test_fbLogin.TC1_LoginWithInvalidPassword -->
    </test> <!-- Default test -->
  </suite> <!-- Default suite -->
</testng-results>
